<?xml version="1.0" encoding="UTF-8"?>
<testsuite xmlns:xsi="http://www.w3.org/2001/XMLSchema-instance" xsi:noNamespaceSchemaLocation="https://maven.apache.org/surefire/maven-surefire-plugin/xsd/surefire-test-report.xsd" name="xyz.wlzl.wplzactiveserver.WplzActiveServerApplicationTests" time="0.001" tests="1" errors="0" skipped="0" failures="0">
  <properties>
    <property name="sun.desktop" value="windows"/>
    <property name="awt.toolkit" value="sun.awt.windows.WToolkit"/>
    <property name="file.encoding.pkg" value="sun.io"/>
    <property name="java.specification.version" value="1.8"/>
    <property name="sun.cpu.isalist" value="amd64"/>
    <property name="sun.jnu.encoding" value="GBK"/>
    <property name="java.class.path" value="D:\java\workspace\git\wlzl\wplz-active-server\target\test-classes;D:\java\workspace\git\wlzl\wplz-active-server\target\classes;D:\java\repository\org\springframework\boot\spring-boot-starter-data-jpa\2.1.9.RELEASE\spring-boot-starter-data-jpa-2.1.9.RELEASE.jar;D:\java\repository\org\springframework\boot\spring-boot-starter-aop\2.1.9.RELEASE\spring-boot-starter-aop-2.1.9.RELEASE.jar;D:\java\repository\org\springframework\spring-aop\5.1.10.RELEASE\spring-aop-5.1.10.RELEASE.jar;D:\java\repository\org\aspectj\aspectjweaver\1.9.4\aspectjweaver-1.9.4.jar;D:\java\repository\org\springframework\boot\spring-boot-starter-jdbc\2.1.9.RELEASE\spring-boot-starter-jdbc-2.1.9.RELEASE.jar;D:\java\repository\com\zaxxer\HikariCP\3.2.0\HikariCP-3.2.0.jar;D:\java\repository\org\springframework\spring-jdbc\5.1.10.RELEASE\spring-jdbc-5.1.10.RELEASE.jar;D:\java\repository\javax\transaction\javax.transaction-api\1.3\javax.transaction-api-1.3.jar;D:\java\repository\javax\xml\bind\jaxb-api\2.3.1\jaxb-api-2.3.1.jar;D:\java\repository\javax\activation\javax.activation-api\1.2.0\javax.activation-api-1.2.0.jar;D:\java\repository\org\hibernate\hibernate-core\5.3.12.Final\hibernate-core-5.3.12.Final.jar;D:\java\repository\org\jboss\logging\jboss-logging\3.3.3.Final\jboss-logging-3.3.3.Final.jar;D:\java\repository\javax\persistence\javax.persistence-api\2.2\javax.persistence-api-2.2.jar;D:\java\repository\org\javassist\javassist\3.23.2-GA\javassist-3.23.2-GA.jar;D:\java\repository\net\bytebuddy\byte-buddy\1.9.16\byte-buddy-1.9.16.jar;D:\java\repository\antlr\antlr\2.7.7\antlr-2.7.7.jar;D:\java\repository\org\jboss\jandex\2.0.5.Final\jandex-2.0.5.Final.jar;D:\java\repository\com\fasterxml\classmate\1.4.0\classmate-1.4.0.jar;D:\java\repository\org\dom4j\dom4j\2.1.1\dom4j-2.1.1.jar;D:\java\repository\org\hibernate\common\hibernate-commons-annotations\5.0.4.Final\hibernate-commons-annotations-5.0.4.Final.jar;D:\java\repository\org\springframework\data\spring-data-jpa\2.1.11.RELEASE\spring-data-jpa-2.1.11.RELEASE.jar;D:\java\repository\org\springframework\data\spring-data-commons\2.1.11.RELEASE\spring-data-commons-2.1.11.RELEASE.jar;D:\java\repository\org\springframework\spring-orm\5.1.10.RELEASE\spring-orm-5.1.10.RELEASE.jar;D:\java\repository\org\springframework\spring-context\5.1.10.RELEASE\spring-context-5.1.10.RELEASE.jar;D:\java\repository\org\springframework\spring-tx\5.1.10.RELEASE\spring-tx-5.1.10.RELEASE.jar;D:\java\repository\org\springframework\spring-beans\5.1.10.RELEASE\spring-beans-5.1.10.RELEASE.jar;D:\java\repository\org\slf4j\slf4j-api\1.7.28\slf4j-api-1.7.28.jar;D:\java\repository\org\springframework\spring-aspects\5.1.10.RELEASE\spring-aspects-5.1.10.RELEASE.jar;D:\java\repository\org\springframework\boot\spring-boot-starter-web\2.1.9.RELEASE\spring-boot-starter-web-2.1.9.RELEASE.jar;D:\java\repository\org\springframework\boot\spring-boot-starter\2.1.9.RELEASE\spring-boot-starter-2.1.9.RELEASE.jar;D:\java\repository\org\springframework\boot\spring-boot\2.1.9.RELEASE\spring-boot-2.1.9.RELEASE.jar;D:\java\repository\org\springframework\boot\spring-boot-autoconfigure\2.1.9.RELEASE\spring-boot-autoconfigure-2.1.9.RELEASE.jar;D:\java\repository\org\springframework\boot\spring-boot-starter-logging\2.1.9.RELEASE\spring-boot-starter-logging-2.1.9.RELEASE.jar;D:\java\repository\ch\qos\logback\logback-classic\1.2.3\logback-classic-1.2.3.jar;D:\java\repository\ch\qos\logback\logback-core\1.2.3\logback-core-1.2.3.jar;D:\java\repository\org\apache\logging\log4j\log4j-to-slf4j\2.11.2\log4j-to-slf4j-2.11.2.jar;D:\java\repository\org\apache\logging\log4j\log4j-api\2.11.2\log4j-api-2.11.2.jar;D:\java\repository\org\slf4j\jul-to-slf4j\1.7.28\jul-to-slf4j-1.7.28.jar;D:\java\repository\javax\annotation\javax.annotation-api\1.3.2\javax.annotation-api-1.3.2.jar;D:\java\repository\org\yaml\snakeyaml\1.23\snakeyaml-1.23.jar;D:\java\repository\org\springframework\boot\spring-boot-starter-json\2.1.9.RELEASE\spring-boot-starter-json-2.1.9.RELEASE.jar;D:\java\repository\com\fasterxml\jackson\core\jackson-databind\2.9.9.3\jackson-databind-2.9.9.3.jar;D:\java\repository\com\fasterxml\jackson\core\jackson-annotations\2.9.0\jackson-annotations-2.9.0.jar;D:\java\repository\com\fasterxml\jackson\core\jackson-core\2.9.9\jackson-core-2.9.9.jar;D:\java\repository\com\fasterxml\jackson\datatype\jackson-datatype-jdk8\2.9.9\jackson-datatype-jdk8-2.9.9.jar;D:\java\repository\com\fasterxml\jackson\datatype\jackson-datatype-jsr310\2.9.9\jackson-datatype-jsr310-2.9.9.jar;D:\java\repository\com\fasterxml\jackson\module\jackson-module-parameter-names\2.9.9\jackson-module-parameter-names-2.9.9.jar;D:\java\repository\org\springframework\boot\spring-boot-starter-tomcat\2.1.9.RELEASE\spring-boot-starter-tomcat-2.1.9.RELEASE.jar;D:\java\repository\org\apache\tomcat\embed\tomcat-embed-core\9.0.26\tomcat-embed-core-9.0.26.jar;D:\java\repository\org\apache\tomcat\embed\tomcat-embed-el\9.0.26\tomcat-embed-el-9.0.26.jar;D:\java\repository\org\apache\tomcat\embed\tomcat-embed-websocket\9.0.26\tomcat-embed-websocket-9.0.26.jar;D:\java\repository\org\hibernate\validator\hibernate-validator\6.0.17.Final\hibernate-validator-6.0.17.Final.jar;D:\java\repository\javax\validation\validation-api\2.0.1.Final\validation-api-2.0.1.Final.jar;D:\java\repository\org\springframework\spring-web\5.1.10.RELEASE\spring-web-5.1.10.RELEASE.jar;D:\java\repository\org\springframework\spring-webmvc\5.1.10.RELEASE\spring-webmvc-5.1.10.RELEASE.jar;D:\java\repository\org\springframework\spring-expression\5.1.10.RELEASE\spring-expression-5.1.10.RELEASE.jar;D:\java\repository\org\springframework\cloud\spring-cloud-starter-netflix-eureka-server\2.1.3.RELEASE\spring-cloud-starter-netflix-eureka-server-2.1.3.RELEASE.jar;D:\java\repository\org\springframework\cloud\spring-cloud-starter\2.1.3.RELEASE\spring-cloud-starter-2.1.3.RELEASE.jar;D:\java\repository\org\springframework\cloud\spring-cloud-context\2.1.3.RELEASE\spring-cloud-context-2.1.3.RELEASE.jar;D:\java\repository\org\springframework\security\spring-security-crypto\5.1.6.RELEASE\spring-security-crypto-5.1.6.RELEASE.jar;D:\java\repository\org\springframework\cloud\spring-cloud-commons\2.1.3.RELEASE\spring-cloud-commons-2.1.3.RELEASE.jar;D:\java\repository\org\springframework\security\spring-security-rsa\1.0.7.RELEASE\spring-security-rsa-1.0.7.RELEASE.jar;D:\java\repository\org\bouncycastle\bcpkix-jdk15on\1.60\bcpkix-jdk15on-1.60.jar;D:\java\repository\org\bouncycastle\bcprov-jdk15on\1.60\bcprov-jdk15on-1.60.jar;D:\java\repository\org\springframework\cloud\spring-cloud-netflix-eureka-server\2.1.3.RELEASE\spring-cloud-netflix-eureka-server-2.1.3.RELEASE.jar;D:\java\repository\org\springframework\boot\spring-boot-starter-actuator\2.1.9.RELEASE\spring-boot-starter-actuator-2.1.9.RELEASE.jar;D:\java\repository\org\springframework\boot\spring-boot-actuator-autoconfigure\2.1.9.RELEASE\spring-boot-actuator-autoconfigure-2.1.9.RELEASE.jar;D:\java\repository\org\springframework\boot\spring-boot-actuator\2.1.9.RELEASE\spring-boot-actuator-2.1.9.RELEASE.jar;D:\java\repository\io\micrometer\micrometer-core\1.1.7\micrometer-core-1.1.7.jar;D:\java\repository\org\hdrhistogram\HdrHistogram\2.1.9\HdrHistogram-2.1.9.jar;D:\java\repository\org\latencyutils\LatencyUtils\2.0.3\LatencyUtils-2.0.3.jar;D:\java\repository\org\springframework\boot\spring-boot-starter-freemarker\2.1.9.RELEASE\spring-boot-starter-freemarker-2.1.9.RELEASE.jar;D:\java\repository\org\freemarker\freemarker\2.3.29\freemarker-2.3.29.jar;D:\java\repository\org\springframework\spring-context-support\5.1.10.RELEASE\spring-context-support-5.1.10.RELEASE.jar;D:\java\repository\org\springframework\cloud\spring-cloud-netflix-hystrix\2.1.3.RELEASE\spring-cloud-netflix-hystrix-2.1.3.RELEASE.jar;D:\java\repository\org\springframework\cloud\spring-cloud-netflix-eureka-client\2.1.3.RELEASE\spring-cloud-netflix-eureka-client-2.1.3.RELEASE.jar;D:\java\repository\com\netflix\eureka\eureka-client\1.9.13\eureka-client-1.9.13.jar;D:\java\repository\org\codehaus\jettison\jettison\1.3.7\jettison-1.3.7.jar;D:\java\repository\stax\stax-api\1.0.1\stax-api-1.0.1.jar;D:\java\repository\com\netflix\netflix-commons\netflix-eventbus\0.3.0\netflix-eventbus-0.3.0.jar;D:\java\repository\com\netflix\netflix-commons\netflix-infix\0.3.0\netflix-infix-0.3.0.jar;D:\java\repository\commons-jxpath\commons-jxpath\1.3\commons-jxpath-1.3.jar;D:\java\repository\joda-time\joda-time\2.10.4\joda-time-2.10.4.jar;D:\java\repository\org\antlr\antlr-runtime\3.4\antlr-runtime-3.4.jar;D:\java\repository\org\antlr\stringtemplate\3.2.1\stringtemplate-3.2.1.jar;D:\java\repository\com\google\code\gson\gson\2.8.5\gson-2.8.5.jar;D:\java\repository\org\apache\commons\commons-math\2.2\commons-math-2.2.jar;D:\java\repository\javax\ws\rs\jsr311-api\1.1.1\jsr311-api-1.1.1.jar;D:\java\repository\com\netflix\servo\servo-core\0.12.21\servo-core-0.12.21.jar;D:\java\repository\com\sun\jersey\jersey-core\1.19.1\jersey-core-1.19.1.jar;D:\java\repository\com\sun\jersey\contribs\jersey-apache-client4\1.19.1\jersey-apache-client4-1.19.1.jar;D:\java\repository\org\apache\httpcomponents\httpclient\4.5.10\httpclient-4.5.10.jar;D:\java\repository\org\apache\httpcomponents\httpcore\4.4.12\httpcore-4.4.12.jar;D:\java\repository\commons-codec\commons-codec\1.11\commons-codec-1.11.jar;D:\java\repository\com\google\inject\guice\4.1.0\guice-4.1.0.jar;D:\java\repository\aopalliance\aopalliance\1.0\aopalliance-1.0.jar;D:\java\repository\com\sun\jersey\jersey-servlet\1.19.1\jersey-servlet-1.19.1.jar;D:\java\repository\com\sun\jersey\jersey-server\1.19.1\jersey-server-1.19.1.jar;D:\java\repository\com\sun\jersey\jersey-client\1.19.1\jersey-client-1.19.1.jar;D:\java\repository\com\netflix\eureka\eureka-core\1.9.13\eureka-core-1.9.13.jar;D:\java\repository\com\fasterxml\woodstox\woodstox-core\5.0.3\woodstox-core-5.0.3.jar;D:\java\repository\com\netflix\archaius\archaius-core\0.7.6\archaius-core-0.7.6.jar;D:\java\repository\com\google\code\findbugs\jsr305\3.0.1\jsr305-3.0.1.jar;D:\java\repository\com\google\guava\guava\16.0\guava-16.0.jar;D:\java\repository\javax\inject\javax.inject\1\javax.inject-1.jar;D:\java\repository\com\fasterxml\jackson\dataformat\jackson-dataformat-xml\2.9.9\jackson-dataformat-xml-2.9.9.jar;D:\java\repository\com\fasterxml\jackson\module\jackson-module-jaxb-annotations\2.9.9\jackson-module-jaxb-annotations-2.9.9.jar;D:\java\repository\org\codehaus\woodstox\stax2-api\3.1.4\stax2-api-3.1.4.jar;D:\java\repository\com\thoughtworks\xstream\xstream\1.4.11.1\xstream-1.4.11.1.jar;D:\java\repository\xmlpull\xmlpull\1.1.3.1\xmlpull-1.1.3.1.jar;D:\java\repository\xpp3\xpp3_min\1.1.4c\xpp3_min-1.1.4c.jar;D:\java\repository\org\springframework\cloud\spring-cloud-starter-netflix-archaius\2.1.3.RELEASE\spring-cloud-starter-netflix-archaius-2.1.3.RELEASE.jar;D:\java\repository\org\springframework\cloud\spring-cloud-netflix-ribbon\2.1.3.RELEASE\spring-cloud-netflix-ribbon-2.1.3.RELEASE.jar;D:\java\repository\org\springframework\cloud\spring-cloud-netflix-archaius\2.1.3.RELEASE\spring-cloud-netflix-archaius-2.1.3.RELEASE.jar;D:\java\repository\commons-configuration\commons-configuration\1.8\commons-configuration-1.8.jar;D:\java\repository\commons-lang\commons-lang\2.6\commons-lang-2.6.jar;D:\java\repository\org\springframework\cloud\spring-cloud-starter-netflix-ribbon\2.1.3.RELEASE\spring-cloud-starter-netflix-ribbon-2.1.3.RELEASE.jar;D:\java\repository\com\netflix\ribbon\ribbon\2.3.0\ribbon-2.3.0.jar;D:\java\repository\com\netflix\ribbon\ribbon-transport\2.3.0\ribbon-transport-2.3.0.jar;D:\java\repository\io\reactivex\rxnetty-contexts\0.4.9\rxnetty-contexts-0.4.9.jar;D:\java\repository\io\reactivex\rxnetty-servo\0.4.9\rxnetty-servo-0.4.9.jar;D:\java\repository\com\netflix\hystrix\hystrix-core\1.5.18\hystrix-core-1.5.18.jar;D:\java\repository\io\reactivex\rxnetty\0.4.9\rxnetty-0.4.9.jar;D:\java\repository\com\netflix\ribbon\ribbon-core\2.3.0\ribbon-core-2.3.0.jar;D:\java\repository\com\netflix\ribbon\ribbon-httpclient\2.3.0\ribbon-httpclient-2.3.0.jar;D:\java\repository\commons-collections\commons-collections\3.2.2\commons-collections-3.2.2.jar;D:\java\repository\com\netflix\netflix-commons\netflix-commons-util\0.3.0\netflix-commons-util-0.3.0.jar;D:\java\repository\com\netflix\ribbon\ribbon-loadbalancer\2.3.0\ribbon-loadbalancer-2.3.0.jar;D:\java\repository\com\netflix\netflix-commons\netflix-statistics\0.1.1\netflix-statistics-0.1.1.jar;D:\java\repository\io\reactivex\rxjava\1.3.8\rxjava-1.3.8.jar;D:\java\repository\com\netflix\ribbon\ribbon-eureka\2.3.0\ribbon-eureka-2.3.0.jar;D:\java\repository\org\glassfish\jaxb\jaxb-runtime\2.3.1\jaxb-runtime-2.3.1.jar;D:\java\repository\org\glassfish\jaxb\txw2\2.3.1\txw2-2.3.1.jar;D:\java\repository\com\sun\istack\istack-commons-runtime\3.0.7\istack-commons-runtime-3.0.7.jar;D:\java\repository\org\jvnet\staxex\stax-ex\1.8\stax-ex-1.8.jar;D:\java\repository\com\sun\xml\fastinfoset\FastInfoset\1.2.15\FastInfoset-1.2.15.jar;D:\java\repository\mysql\mysql-connector-java\8.0.17\mysql-connector-java-8.0.17.jar;D:\java\repository\com\alibaba\fastjson\1.2.51\fastjson-1.2.51.jar;D:\java\repository\org\springframework\boot\spring-boot-starter-test\2.1.9.RELEASE\spring-boot-starter-test-2.1.9.RELEASE.jar;D:\java\repository\org\springframework\boot\spring-boot-test\2.1.9.RELEASE\spring-boot-test-2.1.9.RELEASE.jar;D:\java\repository\org\springframework\boot\spring-boot-test-autoconfigure\2.1.9.RELEASE\spring-boot-test-autoconfigure-2.1.9.RELEASE.jar;D:\java\repository\com\jayway\jsonpath\json-path\2.4.0\json-path-2.4.0.jar;D:\java\repository\net\minidev\json-smart\2.3\json-smart-2.3.jar;D:\java\repository\net\minidev\accessors-smart\1.2\accessors-smart-1.2.jar;D:\java\repository\org\ow2\asm\asm\5.0.4\asm-5.0.4.jar;D:\java\repository\junit\junit\4.12\junit-4.12.jar;D:\java\repository\org\assertj\assertj-core\3.11.1\assertj-core-3.11.1.jar;D:\java\repository\org\mockito\mockito-core\2.23.4\mockito-core-2.23.4.jar;D:\java\repository\net\bytebuddy\byte-buddy-agent\1.9.16\byte-buddy-agent-1.9.16.jar;D:\java\repository\org\objenesis\objenesis\2.6\objenesis-2.6.jar;D:\java\repository\org\hamcrest\hamcrest-core\1.3\hamcrest-core-1.3.jar;D:\java\repository\org\hamcrest\hamcrest-library\1.3\hamcrest-library-1.3.jar;D:\java\repository\org\skyscreamer\jsonassert\1.5.0\jsonassert-1.5.0.jar;D:\java\repository\com\vaadin\external\google\android-json\0.0.20131108.vaadin1\android-json-0.0.20131108.vaadin1.jar;D:\java\repository\org\springframework\spring-core\5.1.10.RELEASE\spring-core-5.1.10.RELEASE.jar;D:\java\repository\org\springframework\spring-jcl\5.1.10.RELEASE\spring-jcl-5.1.10.RELEASE.jar;D:\java\repository\org\springframework\spring-test\5.1.10.RELEASE\spring-test-5.1.10.RELEASE.jar;D:\java\repository\org\xmlunit\xmlunit-core\2.6.3\xmlunit-core-2.6.3.jar;"/>
    <property name="java.vm.vendor" value="Oracle Corporation"/>
    <property name="sun.arch.data.model" value="64"/>
    <property name="user.variant" value=""/>
    <property name="java.vendor.url" value="http://java.oracle.com/"/>
    <property name="user.timezone" value="Asia/Shanghai"/>
    <property name="java.vm.specification.version" value="1.8"/>
    <property name="os.name" value="Windows 7"/>
    <property name="user.country" value="CN"/>
    <property name="sun.java.launcher" value="SUN_STANDARD"/>
    <property name="sun.boot.library.path" value="C:\Program Files\Java\jdk1.8.0_231\jre\bin"/>
    <property name="sun.java.command" value="C:\Users\ADMINI~1\AppData\Local\Temp\surefire4735914217220947726\surefirebooter4321063048792101713.jar C:\Users\Administrator\AppData\Local\Temp\surefire4735914217220947726 2019-12-03T09-16-04_874-jvmRun1 surefire1790084940469871229tmp surefire_07100650658775301990tmp"/>
    <property name="surefire.test.class.path" value="D:\java\workspace\git\wlzl\wplz-active-server\target\test-classes;D:\java\workspace\git\wlzl\wplz-active-server\target\classes;D:\java\repository\org\springframework\boot\spring-boot-starter-data-jpa\2.1.9.RELEASE\spring-boot-starter-data-jpa-2.1.9.RELEASE.jar;D:\java\repository\org\springframework\boot\spring-boot-starter-aop\2.1.9.RELEASE\spring-boot-starter-aop-2.1.9.RELEASE.jar;D:\java\repository\org\springframework\spring-aop\5.1.10.RELEASE\spring-aop-5.1.10.RELEASE.jar;D:\java\repository\org\aspectj\aspectjweaver\1.9.4\aspectjweaver-1.9.4.jar;D:\java\repository\org\springframework\boot\spring-boot-starter-jdbc\2.1.9.RELEASE\spring-boot-starter-jdbc-2.1.9.RELEASE.jar;D:\java\repository\com\zaxxer\HikariCP\3.2.0\HikariCP-3.2.0.jar;D:\java\repository\org\springframework\spring-jdbc\5.1.10.RELEASE\spring-jdbc-5.1.10.RELEASE.jar;D:\java\repository\javax\transaction\javax.transaction-api\1.3\javax.transaction-api-1.3.jar;D:\java\repository\javax\xml\bind\jaxb-api\2.3.1\jaxb-api-2.3.1.jar;D:\java\repository\javax\activation\javax.activation-api\1.2.0\javax.activation-api-1.2.0.jar;D:\java\repository\org\hibernate\hibernate-core\5.3.12.Final\hibernate-core-5.3.12.Final.jar;D:\java\repository\org\jboss\logging\jboss-logging\3.3.3.Final\jboss-logging-3.3.3.Final.jar;D:\java\repository\javax\persistence\javax.persistence-api\2.2\javax.persistence-api-2.2.jar;D:\java\repository\org\javassist\javassist\3.23.2-GA\javassist-3.23.2-GA.jar;D:\java\repository\net\bytebuddy\byte-buddy\1.9.16\byte-buddy-1.9.16.jar;D:\java\repository\antlr\antlr\2.7.7\antlr-2.7.7.jar;D:\java\repository\org\jboss\jandex\2.0.5.Final\jandex-2.0.5.Final.jar;D:\java\repository\com\fasterxml\classmate\1.4.0\classmate-1.4.0.jar;D:\java\repository\org\dom4j\dom4j\2.1.1\dom4j-2.1.1.jar;D:\java\repository\org\hibernate\common\hibernate-commons-annotations\5.0.4.Final\hibernate-commons-annotations-5.0.4.Final.jar;D:\java\repository\org\springframework\data\spring-data-jpa\2.1.11.RELEASE\spring-data-jpa-2.1.11.RELEASE.jar;D:\java\repository\org\springframework\data\spring-data-commons\2.1.11.RELEASE\spring-data-commons-2.1.11.RELEASE.jar;D:\java\repository\org\springframework\spring-orm\5.1.10.RELEASE\spring-orm-5.1.10.RELEASE.jar;D:\java\repository\org\springframework\spring-context\5.1.10.RELEASE\spring-context-5.1.10.RELEASE.jar;D:\java\repository\org\springframework\spring-tx\5.1.10.RELEASE\spring-tx-5.1.10.RELEASE.jar;D:\java\repository\org\springframework\spring-beans\5.1.10.RELEASE\spring-beans-5.1.10.RELEASE.jar;D:\java\repository\org\slf4j\slf4j-api\1.7.28\slf4j-api-1.7.28.jar;D:\java\repository\org\springframework\spring-aspects\5.1.10.RELEASE\spring-aspects-5.1.10.RELEASE.jar;D:\java\repository\org\springframework\boot\spring-boot-starter-web\2.1.9.RELEASE\spring-boot-starter-web-2.1.9.RELEASE.jar;D:\java\repository\org\springframework\boot\spring-boot-starter\2.1.9.RELEASE\spring-boot-starter-2.1.9.RELEASE.jar;D:\java\repository\org\springframework\boot\spring-boot\2.1.9.RELEASE\spring-boot-2.1.9.RELEASE.jar;D:\java\repository\org\springframework\boot\spring-boot-autoconfigure\2.1.9.RELEASE\spring-boot-autoconfigure-2.1.9.RELEASE.jar;D:\java\repository\org\springframework\boot\spring-boot-starter-logging\2.1.9.RELEASE\spring-boot-starter-logging-2.1.9.RELEASE.jar;D:\java\repository\ch\qos\logback\logback-classic\1.2.3\logback-classic-1.2.3.jar;D:\java\repository\ch\qos\logback\logback-core\1.2.3\logback-core-1.2.3.jar;D:\java\repository\org\apache\logging\log4j\log4j-to-slf4j\2.11.2\log4j-to-slf4j-2.11.2.jar;D:\java\repository\org\apache\logging\log4j\log4j-api\2.11.2\log4j-api-2.11.2.jar;D:\java\repository\org\slf4j\jul-to-slf4j\1.7.28\jul-to-slf4j-1.7.28.jar;D:\java\repository\javax\annotation\javax.annotation-api\1.3.2\javax.annotation-api-1.3.2.jar;D:\java\repository\org\yaml\snakeyaml\1.23\snakeyaml-1.23.jar;D:\java\repository\org\springframework\boot\spring-boot-starter-json\2.1.9.RELEASE\spring-boot-starter-json-2.1.9.RELEASE.jar;D:\java\repository\com\fasterxml\jackson\core\jackson-databind\2.9.9.3\jackson-databind-2.9.9.3.jar;D:\java\repository\com\fasterxml\jackson\core\jackson-annotations\2.9.0\jackson-annotations-2.9.0.jar;D:\java\repository\com\fasterxml\jackson\core\jackson-core\2.9.9\jackson-core-2.9.9.jar;D:\java\repository\com\fasterxml\jackson\datatype\jackson-datatype-jdk8\2.9.9\jackson-datatype-jdk8-2.9.9.jar;D:\java\repository\com\fasterxml\jackson\datatype\jackson-datatype-jsr310\2.9.9\jackson-datatype-jsr310-2.9.9.jar;D:\java\repository\com\fasterxml\jackson\module\jackson-module-parameter-names\2.9.9\jackson-module-parameter-names-2.9.9.jar;D:\java\repository\org\springframework\boot\spring-boot-starter-tomcat\2.1.9.RELEASE\spring-boot-starter-tomcat-2.1.9.RELEASE.jar;D:\java\repository\org\apache\tomcat\embed\tomcat-embed-core\9.0.26\tomcat-embed-core-9.0.26.jar;D:\java\repository\org\apache\tomcat\embed\tomcat-embed-el\9.0.26\tomcat-embed-el-9.0.26.jar;D:\java\repository\org\apache\tomcat\embed\tomcat-embed-websocket\9.0.26\tomcat-embed-websocket-9.0.26.jar;D:\java\repository\org\hibernate\validator\hibernate-validator\6.0.17.Final\hibernate-validator-6.0.17.Final.jar;D:\java\repository\javax\validation\validation-api\2.0.1.Final\validation-api-2.0.1.Final.jar;D:\java\repository\org\springframework\spring-web\5.1.10.RELEASE\spring-web-5.1.10.RELEASE.jar;D:\java\repository\org\springframework\spring-webmvc\5.1.10.RELEASE\spring-webmvc-5.1.10.RELEASE.jar;D:\java\repository\org\springframework\spring-expression\5.1.10.RELEASE\spring-expression-5.1.10.RELEASE.jar;D:\java\repository\org\springframework\cloud\spring-cloud-starter-netflix-eureka-server\2.1.3.RELEASE\spring-cloud-starter-netflix-eureka-server-2.1.3.RELEASE.jar;D:\java\repository\org\springframework\cloud\spring-cloud-starter\2.1.3.RELEASE\spring-cloud-starter-2.1.3.RELEASE.jar;D:\java\repository\org\springframework\cloud\spring-cloud-context\2.1.3.RELEASE\spring-cloud-context-2.1.3.RELEASE.jar;D:\java\repository\org\springframework\security\spring-security-crypto\5.1.6.RELEASE\spring-security-crypto-5.1.6.RELEASE.jar;D:\java\repository\org\springframework\cloud\spring-cloud-commons\2.1.3.RELEASE\spring-cloud-commons-2.1.3.RELEASE.jar;D:\java\repository\org\springframework\security\spring-security-rsa\1.0.7.RELEASE\spring-security-rsa-1.0.7.RELEASE.jar;D:\java\repository\org\bouncycastle\bcpkix-jdk15on\1.60\bcpkix-jdk15on-1.60.jar;D:\java\repository\org\bouncycastle\bcprov-jdk15on\1.60\bcprov-jdk15on-1.60.jar;D:\java\repository\org\springframework\cloud\spring-cloud-netflix-eureka-server\2.1.3.RELEASE\spring-cloud-netflix-eureka-server-2.1.3.RELEASE.jar;D:\java\repository\org\springframework\boot\spring-boot-starter-actuator\2.1.9.RELEASE\spring-boot-starter-actuator-2.1.9.RELEASE.jar;D:\java\repository\org\springframework\boot\spring-boot-actuator-autoconfigure\2.1.9.RELEASE\spring-boot-actuator-autoconfigure-2.1.9.RELEASE.jar;D:\java\repository\org\springframework\boot\spring-boot-actuator\2.1.9.RELEASE\spring-boot-actuator-2.1.9.RELEASE.jar;D:\java\repository\io\micrometer\micrometer-core\1.1.7\micrometer-core-1.1.7.jar;D:\java\repository\org\hdrhistogram\HdrHistogram\2.1.9\HdrHistogram-2.1.9.jar;D:\java\repository\org\latencyutils\LatencyUtils\2.0.3\LatencyUtils-2.0.3.jar;D:\java\repository\org\springframework\boot\spring-boot-starter-freemarker\2.1.9.RELEASE\spring-boot-starter-freemarker-2.1.9.RELEASE.jar;D:\java\repository\org\freemarker\freemarker\2.3.29\freemarker-2.3.29.jar;D:\java\repository\org\springframework\spring-context-support\5.1.10.RELEASE\spring-context-support-5.1.10.RELEASE.jar;D:\java\repository\org\springframework\cloud\spring-cloud-netflix-hystrix\2.1.3.RELEASE\spring-cloud-netflix-hystrix-2.1.3.RELEASE.jar;D:\java\repository\org\springframework\cloud\spring-cloud-netflix-eureka-client\2.1.3.RELEASE\spring-cloud-netflix-eureka-client-2.1.3.RELEASE.jar;D:\java\repository\com\netflix\eureka\eureka-client\1.9.13\eureka-client-1.9.13.jar;D:\java\repository\org\codehaus\jettison\jettison\1.3.7\jettison-1.3.7.jar;D:\java\repository\stax\stax-api\1.0.1\stax-api-1.0.1.jar;D:\java\repository\com\netflix\netflix-commons\netflix-eventbus\0.3.0\netflix-eventbus-0.3.0.jar;D:\java\repository\com\netflix\netflix-commons\netflix-infix\0.3.0\netflix-infix-0.3.0.jar;D:\java\repository\commons-jxpath\commons-jxpath\1.3\commons-jxpath-1.3.jar;D:\java\repository\joda-time\joda-time\2.10.4\joda-time-2.10.4.jar;D:\java\repository\org\antlr\antlr-runtime\3.4\antlr-runtime-3.4.jar;D:\java\repository\org\antlr\stringtemplate\3.2.1\stringtemplate-3.2.1.jar;D:\java\repository\com\google\code\gson\gson\2.8.5\gson-2.8.5.jar;D:\java\repository\org\apache\commons\commons-math\2.2\commons-math-2.2.jar;D:\java\repository\javax\ws\rs\jsr311-api\1.1.1\jsr311-api-1.1.1.jar;D:\java\repository\com\netflix\servo\servo-core\0.12.21\servo-core-0.12.21.jar;D:\java\repository\com\sun\jersey\jersey-core\1.19.1\jersey-core-1.19.1.jar;D:\java\repository\com\sun\jersey\contribs\jersey-apache-client4\1.19.1\jersey-apache-client4-1.19.1.jar;D:\java\repository\org\apache\httpcomponents\httpclient\4.5.10\httpclient-4.5.10.jar;D:\java\repository\org\apache\httpcomponents\httpcore\4.4.12\httpcore-4.4.12.jar;D:\java\repository\commons-codec\commons-codec\1.11\commons-codec-1.11.jar;D:\java\repository\com\google\inject\guice\4.1.0\guice-4.1.0.jar;D:\java\repository\aopalliance\aopalliance\1.0\aopalliance-1.0.jar;D:\java\repository\com\sun\jersey\jersey-servlet\1.19.1\jersey-servlet-1.19.1.jar;D:\java\repository\com\sun\jersey\jersey-server\1.19.1\jersey-server-1.19.1.jar;D:\java\repository\com\sun\jersey\jersey-client\1.19.1\jersey-client-1.19.1.jar;D:\java\repository\com\netflix\eureka\eureka-core\1.9.13\eureka-core-1.9.13.jar;D:\java\repository\com\fasterxml\woodstox\woodstox-core\5.0.3\woodstox-core-5.0.3.jar;D:\java\repository\com\netflix\archaius\archaius-core\0.7.6\archaius-core-0.7.6.jar;D:\java\repository\com\google\code\findbugs\jsr305\3.0.1\jsr305-3.0.1.jar;D:\java\repository\com\google\guava\guava\16.0\guava-16.0.jar;D:\java\repository\javax\inject\javax.inject\1\javax.inject-1.jar;D:\java\repository\com\fasterxml\jackson\dataformat\jackson-dataformat-xml\2.9.9\jackson-dataformat-xml-2.9.9.jar;D:\java\repository\com\fasterxml\jackson\module\jackson-module-jaxb-annotations\2.9.9\jackson-module-jaxb-annotations-2.9.9.jar;D:\java\repository\org\codehaus\woodstox\stax2-api\3.1.4\stax2-api-3.1.4.jar;D:\java\repository\com\thoughtworks\xstream\xstream\1.4.11.1\xstream-1.4.11.1.jar;D:\java\repository\xmlpull\xmlpull\1.1.3.1\xmlpull-1.1.3.1.jar;D:\java\repository\xpp3\xpp3_min\1.1.4c\xpp3_min-1.1.4c.jar;D:\java\repository\org\springframework\cloud\spring-cloud-starter-netflix-archaius\2.1.3.RELEASE\spring-cloud-starter-netflix-archaius-2.1.3.RELEASE.jar;D:\java\repository\org\springframework\cloud\spring-cloud-netflix-ribbon\2.1.3.RELEASE\spring-cloud-netflix-ribbon-2.1.3.RELEASE.jar;D:\java\repository\org\springframework\cloud\spring-cloud-netflix-archaius\2.1.3.RELEASE\spring-cloud-netflix-archaius-2.1.3.RELEASE.jar;D:\java\repository\commons-configuration\commons-configuration\1.8\commons-configuration-1.8.jar;D:\java\repository\commons-lang\commons-lang\2.6\commons-lang-2.6.jar;D:\java\repository\org\springframework\cloud\spring-cloud-starter-netflix-ribbon\2.1.3.RELEASE\spring-cloud-starter-netflix-ribbon-2.1.3.RELEASE.jar;D:\java\repository\com\netflix\ribbon\ribbon\2.3.0\ribbon-2.3.0.jar;D:\java\repository\com\netflix\ribbon\ribbon-transport\2.3.0\ribbon-transport-2.3.0.jar;D:\java\repository\io\reactivex\rxnetty-contexts\0.4.9\rxnetty-contexts-0.4.9.jar;D:\java\repository\io\reactivex\rxnetty-servo\0.4.9\rxnetty-servo-0.4.9.jar;D:\java\repository\com\netflix\hystrix\hystrix-core\1.5.18\hystrix-core-1.5.18.jar;D:\java\repository\io\reactivex\rxnetty\0.4.9\rxnetty-0.4.9.jar;D:\java\repository\com\netflix\ribbon\ribbon-core\2.3.0\ribbon-core-2.3.0.jar;D:\java\repository\com\netflix\ribbon\ribbon-httpclient\2.3.0\ribbon-httpclient-2.3.0.jar;D:\java\repository\commons-collections\commons-collections\3.2.2\commons-collections-3.2.2.jar;D:\java\repository\com\netflix\netflix-commons\netflix-commons-util\0.3.0\netflix-commons-util-0.3.0.jar;D:\java\repository\com\netflix\ribbon\ribbon-loadbalancer\2.3.0\ribbon-loadbalancer-2.3.0.jar;D:\java\repository\com\netflix\netflix-commons\netflix-statistics\0.1.1\netflix-statistics-0.1.1.jar;D:\java\repository\io\reactivex\rxjava\1.3.8\rxjava-1.3.8.jar;D:\java\repository\com\netflix\ribbon\ribbon-eureka\2.3.0\ribbon-eureka-2.3.0.jar;D:\java\repository\org\glassfish\jaxb\jaxb-runtime\2.3.1\jaxb-runtime-2.3.1.jar;D:\java\repository\org\glassfish\jaxb\txw2\2.3.1\txw2-2.3.1.jar;D:\java\repository\com\sun\istack\istack-commons-runtime\3.0.7\istack-commons-runtime-3.0.7.jar;D:\java\repository\org\jvnet\staxex\stax-ex\1.8\stax-ex-1.8.jar;D:\java\repository\com\sun\xml\fastinfoset\FastInfoset\1.2.15\FastInfoset-1.2.15.jar;D:\java\repository\mysql\mysql-connector-java\8.0.17\mysql-connector-java-8.0.17.jar;D:\java\repository\com\alibaba\fastjson\1.2.51\fastjson-1.2.51.jar;D:\java\repository\org\springframework\boot\spring-boot-starter-test\2.1.9.RELEASE\spring-boot-starter-test-2.1.9.RELEASE.jar;D:\java\repository\org\springframework\boot\spring-boot-test\2.1.9.RELEASE\spring-boot-test-2.1.9.RELEASE.jar;D:\java\repository\org\springframework\boot\spring-boot-test-autoconfigure\2.1.9.RELEASE\spring-boot-test-autoconfigure-2.1.9.RELEASE.jar;D:\java\repository\com\jayway\jsonpath\json-path\2.4.0\json-path-2.4.0.jar;D:\java\repository\net\minidev\json-smart\2.3\json-smart-2.3.jar;D:\java\repository\net\minidev\accessors-smart\1.2\accessors-smart-1.2.jar;D:\java\repository\org\ow2\asm\asm\5.0.4\asm-5.0.4.jar;D:\java\repository\junit\junit\4.12\junit-4.12.jar;D:\java\repository\org\assertj\assertj-core\3.11.1\assertj-core-3.11.1.jar;D:\java\repository\org\mockito\mockito-core\2.23.4\mockito-core-2.23.4.jar;D:\java\repository\net\bytebuddy\byte-buddy-agent\1.9.16\byte-buddy-agent-1.9.16.jar;D:\java\repository\org\objenesis\objenesis\2.6\objenesis-2.6.jar;D:\java\repository\org\hamcrest\hamcrest-core\1.3\hamcrest-core-1.3.jar;D:\java\repository\org\hamcrest\hamcrest-library\1.3\hamcrest-library-1.3.jar;D:\java\repository\org\skyscreamer\jsonassert\1.5.0\jsonassert-1.5.0.jar;D:\java\repository\com\vaadin\external\google\android-json\0.0.20131108.vaadin1\android-json-0.0.20131108.vaadin1.jar;D:\java\repository\org\springframework\spring-core\5.1.10.RELEASE\spring-core-5.1.10.RELEASE.jar;D:\java\repository\org\springframework\spring-jcl\5.1.10.RELEASE\spring-jcl-5.1.10.RELEASE.jar;D:\java\repository\org\springframework\spring-test\5.1.10.RELEASE\spring-test-5.1.10.RELEASE.jar;D:\java\repository\org\xmlunit\xmlunit-core\2.6.3\xmlunit-core-2.6.3.jar;"/>
    <property name="sun.cpu.endian" value="little"/>
    <property name="user.home" value="C:\Users\Administrator"/>
    <property name="user.language" value="zh"/>
    <property name="java.specification.vendor" value="Oracle Corporation"/>
    <property name="java.home" value="C:\Program Files\Java\jdk1.8.0_231\jre"/>
    <property name="basedir" value="D:\java\workspace\git\wlzl\wplz-active-server"/>
    <property name="file.separator" value="\"/>
    <property name="line.separator" value="&#10;"/>
    <property name="java.vm.specification.vendor" value="Oracle Corporation"/>
    <property name="java.specification.name" value="Java Platform API Specification"/>
    <property name="java.awt.graphicsenv" value="sun.awt.Win32GraphicsEnvironment"/>
    <property name="surefire.real.class.path" value="C:\Users\ADMINI~1\AppData\Local\Temp\surefire4735914217220947726\surefirebooter4321063048792101713.jar"/>
    <property name="sun.boot.class.path" value="C:\Program Files\Java\jdk1.8.0_231\jre\lib\resources.jar;C:\Program Files\Java\jdk1.8.0_231\jre\lib\rt.jar;C:\Program Files\Java\jdk1.8.0_231\jre\lib\sunrsasign.jar;C:\Program Files\Java\jdk1.8.0_231\jre\lib\jsse.jar;C:\Program Files\Java\jdk1.8.0_231\jre\lib\jce.jar;C:\Program Files\Java\jdk1.8.0_231\jre\lib\charsets.jar;C:\Program Files\Java\jdk1.8.0_231\jre\lib\jfr.jar;C:\Program Files\Java\jdk1.8.0_231\jre\classes"/>
    <property name="user.script" value=""/>
    <property name="sun.management.compiler" value="HotSpot 64-Bit Tiered Compilers"/>
    <property name="java.runtime.version" value="1.8.0_231-b11"/>
    <property name="user.name" value="Administrator"/>
    <property name="path.separator" value=";"/>
    <property name="os.version" value="6.1"/>
    <property name="java.endorsed.dirs" value="C:\Program Files\Java\jdk1.8.0_231\jre\lib\endorsed"/>
    <property name="java.runtime.name" value="Java(TM) SE Runtime Environment"/>
    <property name="file.encoding" value="GBK"/>
    <property name="java.vm.name" value="Java HotSpot(TM) 64-Bit Server VM"/>
    <property name="localRepository" value="D:\java\repository"/>
    <property name="java.vendor.url.bug" value="http://bugreport.sun.com/bugreport/"/>
    <property name="java.io.tmpdir" value="C:\Users\ADMINI~1\AppData\Local\Temp\"/>
    <property name="idea.version" value="2017.2.3"/>
    <property name="java.version" value="1.8.0_231"/>
    <property name="user.dir" value="D:\java\workspace\git\wlzl\wplz-active-server"/>
    <property name="os.arch" value="amd64"/>
    <property name="java.vm.specification.name" value="Java Virtual Machine Specification"/>
    <property name="java.awt.printerjob" value="sun.awt.windows.WPrinterJob"/>
    <property name="sun.os.patch.level" value="Service Pack 1"/>
    <property name="java.library.path" value="C:\Program Files\Java\jdk1.8.0_231\jre\bin;C:\Windows\Sun\Java\bin;C:\Windows\system32;C:\Windows;C:\Program Files (x86)\Common Files\Oracle\Java\javapath;C:\Program Files (x86)\Common Files\NetSarang;C:\Program Files\Java\jdk1.8.0_231\bin\;C:\Windows\system32;C:\Windows;C:\Windows\System32\Wbem;C:\Windows\System32\WindowsPowerShell\v1.0\;D:\java\work\workspace\bin;D:\CRT\;D:\java\apache-maven-3.3.9\bin;C:\Program Files\VisualSVN Server\bin;D:\svna\bin;D:\svnt\bin;D:\CRT\;."/>
    <property name="java.vm.info" value="mixed mode"/>
    <property name="java.vendor" value="Oracle Corporation"/>
    <property name="java.vm.version" value="25.231-b11"/>
    <property name="java.ext.dirs" value="C:\Program Files\Java\jdk1.8.0_231\jre\lib\ext;C:\Windows\Sun\Java\lib\ext"/>
    <property name="sun.io.unicode.encoding" value="UnicodeLittle"/>
    <property name="maven.repo.local" value="D:\java\repository"/>
    <property name="java.class.version" value="52.0"/>
  </properties>
  <testcase name="contextLoads" classname="xyz.wlzl.wplzactiveserver.WplzActiveServerApplicationTests" time="0"/>
</testsuite>